<?xml version="1.0" encoding="UTF-8"?>
<!-- Generated by org.testng.reporters.JUnitXMLReporter -->
<testsuite hostname="EXAIN-IT-L0092" name="HomePage_LoginValidation" tests="2" failures="0" timestamp="30 Jul 2019 09:18:00 GMT" time="15.883" errors="0">
  <testcase name="loginValidation" time="8.54" classname="qaclickacademy.HomePage_LoginValidation"/>
  <testcase name="loginValidation" time="4.203" classname="qaclickacademy.HomePage_LoginValidation"/>
</testsuite> <!-- HomePage_LoginValidation -->
