<?xml version="1.0" encoding="UTF-8"?>
<testng-results skipped="0" failed="0" total="1" passed="1">
  <reporter-output>
  </reporter-output>
  <suite name="Default suite" duration-ms="10120" started-at="2019-07-30T10:29:36Z" finished-at="2019-07-30T10:29:47Z">
    <groups>
    </groups>
    <test name="Default test" duration-ms="10120" started-at="2019-07-30T10:29:36Z" finished-at="2019-07-30T10:29:47Z">
      <class name="qaclickacademy.PracticeLink_TabValidation">
        <test-method status="PASS" signature="initialize()[pri:0, instance:qaclickacademy.PracticeLink_TabValidation@6b71769e]" name="initialize" is-config="true" duration-ms="7419" started-at="2019-07-30T15:59:36Z" finished-at="2019-07-30T15:59:44Z">
          <reporter-output>
          </reporter-output>
        </test-method> <!-- initialize -->
        <test-method status="PASS" signature="tabValidation()[pri:0, instance:qaclickacademy.PracticeLink_TabValidation@6b71769e]" name="tabValidation" duration-ms="1261" started-at="2019-07-30T15:59:44Z" finished-at="2019-07-30T15:59:45Z">
          <reporter-output>
          </reporter-output>
        </test-method> <!-- tabValidation -->
        <test-method status="PASS" signature="tearDown()[pri:0, instance:qaclickacademy.PracticeLink_TabValidation@6b71769e]" name="tearDown" is-config="true" duration-ms="1423" started-at="2019-07-30T15:59:45Z" finished-at="2019-07-30T15:59:47Z">
          <reporter-output>
          </reporter-output>
        </test-method> <!-- tearDown -->
      </class> <!-- qaclickacademy.PracticeLink_TabValidation -->
    </test> <!-- Default test -->
  </suite> <!-- Default suite -->
</testng-results>
